D:\Semester 4\Emerging Technologies\Github from Elza\COMP308Lab3\public\app\authentication\authentication.service.js
D:\Semester 4\Emerging Technologies\Github from Elza\COMP308Lab3\public\app\authentication\authentication.service.js.map
D:\Semester 4\Emerging Technologies\Github from Elza\COMP308Lab3\public\app\app.component.js
D:\Semester 4\Emerging Technologies\Github from Elza\COMP308Lab3\public\app\app.component.js.map
D:\Semester 4\Emerging Technologies\Github from Elza\COMP308Lab3\public\app\app.routes.js
D:\Semester 4\Emerging Technologies\Github from Elza\COMP308Lab3\public\app\app.routes.js.map
D:\Semester 4\Emerging Technologies\Github from Elza\COMP308Lab3\public\app\home\home.component.js
D:\Semester 4\Emerging Technologies\Github from Elza\COMP308Lab3\public\app\home\home.component.js.map
D:\Semester 4\Emerging Technologies\Github from Elza\COMP308Lab3\public\app\home\home.routes.js
D:\Semester 4\Emerging Technologies\Github from Elza\COMP308Lab3\public\app\home\home.routes.js.map
D:\Semester 4\Emerging Technologies\Github from Elza\COMP308Lab3\public\app\home\home.module.js
D:\Semester 4\Emerging Technologies\Github from Elza\COMP308Lab3\public\app\home\home.module.js.map
D:\Semester 4\Emerging Technologies\Github from Elza\COMP308Lab3\public\app\authentication\signin\signin.component.js
D:\Semester 4\Emerging Technologies\Github from Elza\COMP308Lab3\public\app\authentication\signin\signin.component.js.map
D:\Semester 4\Emerging Technologies\Github from Elza\COMP308Lab3\public\app\authentication\signup\signup.component.js
D:\Semester 4\Emerging Technologies\Github from Elza\COMP308Lab3\public\app\authentication\signup\signup.component.js.map
D:\Semester 4\Emerging Technologies\Github from Elza\COMP308Lab3\public\app\authentication\authentication.component.js
D:\Semester 4\Emerging Technologies\Github from Elza\COMP308Lab3\public\app\authentication\authentication.component.js.map
D:\Semester 4\Emerging Technologies\Github from Elza\COMP308Lab3\public\app\authentication\authentication.routes.js
D:\Semester 4\Emerging Technologies\Github from Elza\COMP308Lab3\public\app\authentication\authentication.routes.js.map
D:\Semester 4\Emerging Technologies\Github from Elza\COMP308Lab3\public\app\authentication\authentication.module.js
D:\Semester 4\Emerging Technologies\Github from Elza\COMP308Lab3\public\app\authentication\authentication.module.js.map
D:\Semester 4\Emerging Technologies\Github from Elza\COMP308Lab3\public\app\courses\courses.service.js
D:\Semester 4\Emerging Technologies\Github from Elza\COMP308Lab3\public\app\courses\courses.service.js.map
D:\Semester 4\Emerging Technologies\Github from Elza\COMP308Lab3\public\app\courses\courses.component.js
D:\Semester 4\Emerging Technologies\Github from Elza\COMP308Lab3\public\app\courses\courses.component.js.map
D:\Semester 4\Emerging Technologies\Github from Elza\COMP308Lab3\public\app\courses\create\create.component.js
D:\Semester 4\Emerging Technologies\Github from Elza\COMP308Lab3\public\app\courses\create\create.component.js.map
D:\Semester 4\Emerging Technologies\Github from Elza\COMP308Lab3\public\app\courses\list\list.component.js
D:\Semester 4\Emerging Technologies\Github from Elza\COMP308Lab3\public\app\courses\list\list.component.js.map
D:\Semester 4\Emerging Technologies\Github from Elza\COMP308Lab3\public\app\courses\view\view.component.js
D:\Semester 4\Emerging Technologies\Github from Elza\COMP308Lab3\public\app\courses\view\view.component.js.map
D:\Semester 4\Emerging Technologies\Github from Elza\COMP308Lab3\public\app\courses\edit\edit.component.js
D:\Semester 4\Emerging Technologies\Github from Elza\COMP308Lab3\public\app\courses\edit\edit.component.js.map
D:\Semester 4\Emerging Technologies\Github from Elza\COMP308Lab3\public\app\courses\students-list\students-list.component.js
D:\Semester 4\Emerging Technologies\Github from Elza\COMP308Lab3\public\app\courses\students-list\students-list.component.js.map
D:\Semester 4\Emerging Technologies\Github from Elza\COMP308Lab3\public\app\courses\courses.routes.js
D:\Semester 4\Emerging Technologies\Github from Elza\COMP308Lab3\public\app\courses\courses.routes.js.map
D:\Semester 4\Emerging Technologies\Github from Elza\COMP308Lab3\public\app\courses\courses.module.js
D:\Semester 4\Emerging Technologies\Github from Elza\COMP308Lab3\public\app\courses\courses.module.js.map
D:\Semester 4\Emerging Technologies\Github from Elza\COMP308Lab3\public\app\app.module.js
D:\Semester 4\Emerging Technologies\Github from Elza\COMP308Lab3\public\app\app.module.js.map
D:\Semester 4\Emerging Technologies\Github from Elza\COMP308Lab3\public\app\bootstrap.js
D:\Semester 4\Emerging Technologies\Github from Elza\COMP308Lab3\public\app\bootstrap.js.map
D:\Semester 4\Emerging Technologies\Github from Elza\COMP308Lab3\typings\public\app\authentication\authentication.service.js
D:\Semester 4\Emerging Technologies\Github from Elza\COMP308Lab3\typings\public\app\authentication\authentication.service.js.map
D:\Semester 4\Emerging Technologies\Github from Elza\COMP308Lab3\typings\public\app\app.component.js
D:\Semester 4\Emerging Technologies\Github from Elza\COMP308Lab3\typings\public\app\app.component.js.map
D:\Semester 4\Emerging Technologies\Github from Elza\COMP308Lab3\typings\public\app\app.routes.js
D:\Semester 4\Emerging Technologies\Github from Elza\COMP308Lab3\typings\public\app\app.routes.js.map
D:\Semester 4\Emerging Technologies\Github from Elza\COMP308Lab3\typings\public\app\home\home.component.js
D:\Semester 4\Emerging Technologies\Github from Elza\COMP308Lab3\typings\public\app\home\home.component.js.map
D:\Semester 4\Emerging Technologies\Github from Elza\COMP308Lab3\typings\public\app\home\home.routes.js
D:\Semester 4\Emerging Technologies\Github from Elza\COMP308Lab3\typings\public\app\home\home.routes.js.map
D:\Semester 4\Emerging Technologies\Github from Elza\COMP308Lab3\typings\public\app\home\home.module.js
D:\Semester 4\Emerging Technologies\Github from Elza\COMP308Lab3\typings\public\app\home\home.module.js.map
D:\Semester 4\Emerging Technologies\Github from Elza\COMP308Lab3\typings\public\app\authentication\signin\signin.component.js
D:\Semester 4\Emerging Technologies\Github from Elza\COMP308Lab3\typings\public\app\authentication\signin\signin.component.js.map
D:\Semester 4\Emerging Technologies\Github from Elza\COMP308Lab3\typings\public\app\authentication\signup\signup.component.js
D:\Semester 4\Emerging Technologies\Github from Elza\COMP308Lab3\typings\public\app\authentication\signup\signup.component.js.map
D:\Semester 4\Emerging Technologies\Github from Elza\COMP308Lab3\typings\public\app\authentication\authentication.component.js
D:\Semester 4\Emerging Technologies\Github from Elza\COMP308Lab3\typings\public\app\authentication\authentication.component.js.map
D:\Semester 4\Emerging Technologies\Github from Elza\COMP308Lab3\typings\public\app\authentication\authentication.routes.js
D:\Semester 4\Emerging Technologies\Github from Elza\COMP308Lab3\typings\public\app\authentication\authentication.routes.js.map
D:\Semester 4\Emerging Technologies\Github from Elza\COMP308Lab3\typings\public\app\authentication\authentication.module.js
D:\Semester 4\Emerging Technologies\Github from Elza\COMP308Lab3\typings\public\app\authentication\authentication.module.js.map
D:\Semester 4\Emerging Technologies\Github from Elza\COMP308Lab3\typings\public\app\articles\articles.service.js
D:\Semester 4\Emerging Technologies\Github from Elza\COMP308Lab3\typings\public\app\articles\articles.service.js.map
D:\Semester 4\Emerging Technologies\Github from Elza\COMP308Lab3\typings\public\app\articles\articles.component.js
D:\Semester 4\Emerging Technologies\Github from Elza\COMP308Lab3\typings\public\app\articles\articles.component.js.map
D:\Semester 4\Emerging Technologies\Github from Elza\COMP308Lab3\typings\public\app\articles\create\create.component.js
D:\Semester 4\Emerging Technologies\Github from Elza\COMP308Lab3\typings\public\app\articles\create\create.component.js.map
D:\Semester 4\Emerging Technologies\Github from Elza\COMP308Lab3\typings\public\app\articles\list\list.component.js
D:\Semester 4\Emerging Technologies\Github from Elza\COMP308Lab3\typings\public\app\articles\list\list.component.js.map
D:\Semester 4\Emerging Technologies\Github from Elza\COMP308Lab3\typings\public\app\articles\view\view.component.js
D:\Semester 4\Emerging Technologies\Github from Elza\COMP308Lab3\typings\public\app\articles\view\view.component.js.map
D:\Semester 4\Emerging Technologies\Github from Elza\COMP308Lab3\typings\public\app\articles\edit\edit.component.js
D:\Semester 4\Emerging Technologies\Github from Elza\COMP308Lab3\typings\public\app\articles\edit\edit.component.js.map
D:\Semester 4\Emerging Technologies\Github from Elza\COMP308Lab3\typings\public\app\articles\articles.routes.js
D:\Semester 4\Emerging Technologies\Github from Elza\COMP308Lab3\typings\public\app\articles\articles.routes.js.map
D:\Semester 4\Emerging Technologies\Github from Elza\COMP308Lab3\typings\public\app\articles\articles.module.js
D:\Semester 4\Emerging Technologies\Github from Elza\COMP308Lab3\typings\public\app\articles\articles.module.js.map
D:\Semester 4\Emerging Technologies\Github from Elza\COMP308Lab3\typings\public\app\app.module.js
D:\Semester 4\Emerging Technologies\Github from Elza\COMP308Lab3\typings\public\app\app.module.js.map
D:\Semester 4\Emerging Technologies\Github from Elza\COMP308Lab3\typings\public\app\bootstrap.js
D:\Semester 4\Emerging Technologies\Github from Elza\COMP308Lab3\typings\public\app\bootstrap.js.map
